[debug] [2021-04-22T16:32:47.425Z] ----------------------------------------------------------------------
[debug] [2021-04-22T16:32:47.428Z] Command:       /usr/local/bin/firebase /Users/ginnapaolaacerorussi/.cache/firebase/tools/lib/node_modules/firebase-tools/lib/bin/firebase init hosting
[debug] [2021-04-22T16:32:47.428Z] CLI Version:   9.10.0
[debug] [2021-04-22T16:32:47.429Z] Platform:      darwin
[debug] [2021-04-22T16:32:47.429Z] Node Version:  v12.18.1
[debug] [2021-04-22T16:32:47.430Z] Time:          Thu Apr 22 2021 11:32:47 GMT-0500 (GMT-05:00)
[debug] [2021-04-22T16:32:47.430Z] ----------------------------------------------------------------------
[debug] 
[debug] [2021-04-22T16:32:47.438Z] > command requires scopes: ["email","openid","https://www.googleapis.com/auth/cloudplatformprojects.readonly","https://www.googleapis.com/auth/firebase","https://www.googleapis.com/auth/cloud-platform"]
[debug] [2021-04-22T16:32:47.438Z] > authorizing via signed-in user (ginnaaceror@gmail.com)
[info] 
     ######## #### ########  ######## ########     ###     ######  ########
     ##        ##  ##     ## ##       ##     ##  ##   ##  ##       ##
     ######    ##  ########  ######   ########  #########  ######  ######
     ##        ##  ##    ##  ##       ##     ## ##     ##       ## ##
     ##       #### ##     ## ######## ########  ##     ##  ######  ########

You're about to initialize a Firebase project in this directory:

  /Users/ginnapaolaacerorussi/Documents/1. PROYECTOS LABORATORIA/BOG002-social-network

[info] 
=== Project Setup
[info] 
[info] First, let's associate this project directory with a Firebase project.
[info] You can create multiple project aliases by running firebase use --add, 
[info] but for now we'll just set up a default project.
[info] 
[debug] [2021-04-23T01:41:48.545Z] Error: write EIO
    at afterWriteDispatched (internal/stream_base_commons.js:154:25)
    at writeGeneric (internal/stream_base_commons.js:145:3)
    at WriteStream.Socket._writeGeneric (net.js:786:11)
    at WriteStream.Socket._write (net.js:798:8)
    at doWrite (_stream_writable.js:403:12)
    at writeOrBuffer (_stream_writable.js:387:5)
    at WriteStream.Writable.write (_stream_writable.js:318:11)
    at EventEmitter.signalExit.alwaysLast (/Users/ginnapaolaacerorussi/.cache/firebase/tools/lib/node_modules/restore-cursor/index.js:7:18)
    at EventEmitter.emit (events.js:315:20)
    at EventEmitter.emit (domain.js:482:12)
    at emit (/Users/ginnapaolaacerorussi/.cache/firebase/tools/lib/node_modules/signal-exit/index.js:78:11)
    at process.listener (/Users/ginnapaolaacerorussi/.cache/firebase/tools/lib/node_modules/signal-exit/index.js:94:7)
    at process.emit (events.js:315:20)
